2025-07-09 03:42:55,790 - DEBUG - width_chars changed from 80 to 80
2025-07-09 03:42:55,791 - DEBUG - height_chars changed from 24 to 24
2025-07-09 03:42:55,793 - DEBUG - width_chars changed from 80 to 80
2025-07-09 03:42:55,794 - DEBUG - height_chars changed from 24 to 24
2025-07-09 03:42:55,802 - INFO - Starting terminal process: bash
2025-07-09 03:42:55,805 - INFO - Created PTY: 80x24
2025-07-09 03:42:55,811 - INFO - Spawned process: pid=731241
2025-07-09 03:42:55,856 - DEBUG - on_resize called with event: Resize(size=Size(width=81, height=26))
2025-07-09 03:42:55,858 - DEBUG - event size: 81x26
2025-07-09 03:42:55,859 - DEBUG - setting width_chars=81, height_chars=26
2025-07-09 03:42:55,861 - DEBUG - width_chars changed from 80 to 81
2025-07-09 03:42:55,862 - DEBUG - height_chars changed from 24 to 26
2025-07-09 03:43:38,419 - DEBUG - on_resize called with event: Resize(size=Size(width=82, height=26))
2025-07-09 03:43:38,421 - DEBUG - event size: 82x26
2025-07-09 03:43:38,423 - DEBUG - setting width_chars=82, height_chars=26
2025-07-09 03:43:38,425 - DEBUG - width_chars changed from 81 to 82
2025-07-09 03:43:38,428 - DEBUG - height_chars changed from 26 to 26
2025-07-09 03:43:38,480 - DEBUG - on_resize called with event: Resize(size=Size(width=86, height=27))
2025-07-09 03:43:38,484 - DEBUG - event size: 86x27
2025-07-09 03:43:38,487 - DEBUG - setting width_chars=86, height_chars=27
2025-07-09 03:43:38,489 - DEBUG - width_chars changed from 82 to 86
2025-07-09 03:43:38,493 - DEBUG - height_chars changed from 26 to 27
2025-07-09 03:43:38,559 - DEBUG - on_resize called with event: Resize(size=Size(width=93, height=29))
2025-07-09 03:43:38,563 - DEBUG - event size: 93x29
2025-07-09 03:43:38,567 - DEBUG - setting width_chars=93, height_chars=29
2025-07-09 03:43:38,571 - DEBUG - width_chars changed from 86 to 93
2025-07-09 03:43:38,575 - DEBUG - height_chars changed from 27 to 29
2025-07-09 03:43:38,635 - DEBUG - on_resize called with event: Resize(size=Size(width=94, height=29))
2025-07-09 03:43:38,640 - DEBUG - event size: 94x29
2025-07-09 03:43:38,644 - DEBUG - setting width_chars=94, height_chars=29
2025-07-09 03:43:38,649 - DEBUG - width_chars changed from 93 to 94
2025-07-09 03:43:38,653 - DEBUG - height_chars changed from 29 to 29
2025-07-09 03:43:38,717 - DEBUG - on_resize called with event: Resize(size=Size(width=96, height=30))
2025-07-09 03:43:38,722 - DEBUG - event size: 96x30
2025-07-09 03:43:38,727 - DEBUG - setting width_chars=96, height_chars=30
2025-07-09 03:43:38,732 - DEBUG - width_chars changed from 94 to 96
2025-07-09 03:43:38,737 - DEBUG - height_chars changed from 29 to 30
2025-07-09 03:43:38,833 - DEBUG - on_resize called with event: Resize(size=Size(width=98, height=30))
2025-07-09 03:43:38,840 - DEBUG - event size: 98x30
2025-07-09 03:43:38,845 - DEBUG - setting width_chars=98, height_chars=30
2025-07-09 03:43:38,851 - DEBUG - width_chars changed from 96 to 98
2025-07-09 03:43:38,856 - DEBUG - height_chars changed from 30 to 30
2025-07-09 03:43:38,963 - DEBUG - on_resize called with event: Resize(size=Size(width=100, height=31))
2025-07-09 03:43:38,970 - DEBUG - event size: 100x31
2025-07-09 03:43:38,976 - DEBUG - setting width_chars=100, height_chars=31
2025-07-09 03:43:38,982 - DEBUG - width_chars changed from 98 to 100
2025-07-09 03:43:38,989 - DEBUG - height_chars changed from 30 to 31
2025-07-09 03:43:39,088 - DEBUG - on_resize called with event: Resize(size=Size(width=102, height=31))
2025-07-09 03:43:39,096 - DEBUG - event size: 102x31
2025-07-09 03:43:39,103 - DEBUG - setting width_chars=102, height_chars=31
2025-07-09 03:43:39,112 - DEBUG - width_chars changed from 100 to 102
2025-07-09 03:43:39,119 - DEBUG - height_chars changed from 31 to 31
2025-07-09 03:43:39,186 - DEBUG - on_resize called with event: Resize(size=Size(width=103, height=31))
2025-07-09 03:43:39,262 - DEBUG - event size: 103x31
2025-07-09 03:43:39,269 - DEBUG - setting width_chars=103, height_chars=31
2025-07-09 03:43:39,276 - DEBUG - width_chars changed from 102 to 103
2025-07-09 03:43:39,284 - DEBUG - height_chars changed from 31 to 31
2025-07-09 03:43:39,356 - DEBUG - on_resize called with event: Resize(size=Size(width=104, height=32))
2025-07-09 03:43:39,364 - DEBUG - event size: 104x32
2025-07-09 03:43:39,371 - DEBUG - setting width_chars=104, height_chars=32
2025-07-09 03:43:39,379 - DEBUG - width_chars changed from 103 to 104
2025-07-09 03:43:39,387 - DEBUG - height_chars changed from 31 to 32
2025-07-09 03:43:39,468 - DEBUG - on_resize called with event: Resize(size=Size(width=108, height=33))
2025-07-09 03:43:39,476 - DEBUG - event size: 108x33
2025-07-09 03:43:39,485 - DEBUG - setting width_chars=108, height_chars=33
2025-07-09 03:43:39,493 - DEBUG - width_chars changed from 104 to 108
2025-07-09 03:43:39,504 - DEBUG - height_chars changed from 32 to 33
2025-07-09 03:43:39,584 - DEBUG - on_resize called with event: Resize(size=Size(width=110, height=33))
2025-07-09 03:43:39,593 - DEBUG - event size: 110x33
2025-07-09 03:43:39,602 - DEBUG - setting width_chars=110, height_chars=33
2025-07-09 03:43:39,611 - DEBUG - width_chars changed from 108 to 110
2025-07-09 03:43:39,620 - DEBUG - height_chars changed from 33 to 33
2025-07-09 03:43:39,714 - DEBUG - on_resize called with event: Resize(size=Size(width=112, height=33))
2025-07-09 03:43:39,730 - DEBUG - event size: 112x33
2025-07-09 03:43:39,744 - DEBUG - setting width_chars=112, height_chars=33
2025-07-09 03:43:39,754 - DEBUG - width_chars changed from 110 to 112
2025-07-09 03:43:39,764 - DEBUG - height_chars changed from 33 to 33
2025-07-09 03:43:39,854 - DEBUG - on_resize called with event: Resize(size=Size(width=114, height=33))
2025-07-09 03:43:39,864 - DEBUG - event size: 114x33
2025-07-09 03:43:39,874 - DEBUG - setting width_chars=114, height_chars=33
2025-07-09 03:43:39,884 - DEBUG - width_chars changed from 112 to 114
2025-07-09 03:43:39,898 - DEBUG - height_chars changed from 33 to 33
2025-07-09 03:43:39,977 - DEBUG - on_resize called with event: Resize(size=Size(width=118, height=34))
2025-07-09 03:43:39,988 - DEBUG - event size: 118x34
2025-07-09 03:43:39,999 - DEBUG - setting width_chars=118, height_chars=34
2025-07-09 03:43:40,010 - DEBUG - width_chars changed from 114 to 118
2025-07-09 03:43:40,022 - DEBUG - height_chars changed from 33 to 34
2025-07-09 03:43:40,108 - DEBUG - on_resize called with event: Resize(size=Size(width=119, height=34))
2025-07-09 03:43:40,123 - DEBUG - event size: 119x34
2025-07-09 03:43:40,134 - DEBUG - setting width_chars=119, height_chars=34
2025-07-09 03:43:40,146 - DEBUG - width_chars changed from 118 to 119
2025-07-09 03:43:40,158 - DEBUG - height_chars changed from 34 to 34
2025-07-09 03:43:40,315 - DEBUG - on_resize called with event: Resize(size=Size(width=121, height=34))
2025-07-09 03:43:40,328 - DEBUG - event size: 121x34
2025-07-09 03:43:40,342 - DEBUG - setting width_chars=121, height_chars=34
2025-07-09 03:43:40,354 - DEBUG - width_chars changed from 119 to 121
2025-07-09 03:43:40,367 - DEBUG - height_chars changed from 34 to 34
2025-07-09 03:43:40,457 - DEBUG - on_resize called with event: Resize(size=Size(width=122, height=34))
2025-07-09 03:43:40,470 - DEBUG - event size: 122x34
2025-07-09 03:43:40,482 - DEBUG - setting width_chars=122, height_chars=34
2025-07-09 03:43:40,497 - DEBUG - width_chars changed from 121 to 122
2025-07-09 03:43:40,510 - DEBUG - height_chars changed from 34 to 34
2025-07-09 03:43:40,603 - DEBUG - on_resize called with event: Resize(size=Size(width=123, height=34))
2025-07-09 03:43:40,616 - DEBUG - event size: 123x34
2025-07-09 03:43:40,629 - DEBUG - setting width_chars=123, height_chars=34
2025-07-09 03:43:40,645 - DEBUG - width_chars changed from 122 to 123
2025-07-09 03:43:40,658 - DEBUG - height_chars changed from 34 to 34
2025-07-09 03:43:40,750 - DEBUG - on_resize called with event: Resize(size=Size(width=124, height=34))
2025-07-09 03:43:40,764 - DEBUG - event size: 124x34
2025-07-09 03:43:40,777 - DEBUG - setting width_chars=124, height_chars=34
2025-07-09 03:43:40,789 - DEBUG - width_chars changed from 123 to 124
2025-07-09 03:43:40,805 - DEBUG - height_chars changed from 34 to 34
2025-07-09 03:43:56,096 - DEBUG - on_resize called with event: Resize(size=Size(width=123, height=34))
2025-07-09 03:43:56,131 - DEBUG - event size: 123x34
2025-07-09 03:43:56,157 - DEBUG - setting width_chars=123, height_chars=34
2025-07-09 03:43:56,178 - DEBUG - width_chars changed from 124 to 123
2025-07-09 03:43:56,198 - DEBUG - height_chars changed from 34 to 34
2025-07-09 03:43:56,315 - DEBUG - on_resize called with event: Resize(size=Size(width=100, height=31))
2025-07-09 03:43:56,334 - DEBUG - event size: 100x31
2025-07-09 03:43:56,347 - DEBUG - setting width_chars=100, height_chars=31
2025-07-09 03:43:56,360 - DEBUG - width_chars changed from 123 to 100
2025-07-09 03:43:56,373 - DEBUG - height_chars changed from 34 to 31
2025-07-09 03:43:56,492 - DEBUG - on_resize called with event: Resize(size=Size(width=96, height=30))
2025-07-09 03:43:56,508 - DEBUG - event size: 96x30
2025-07-09 03:43:56,521 - DEBUG - setting width_chars=96, height_chars=30
2025-07-09 03:43:56,534 - DEBUG - width_chars changed from 100 to 96
2025-07-09 03:43:56,547 - DEBUG - height_chars changed from 31 to 30
2025-07-09 03:43:56,637 - DEBUG - on_resize called with event: Resize(size=Size(width=95, height=29))
2025-07-09 03:43:56,654 - DEBUG - event size: 95x29
2025-07-09 03:43:56,667 - DEBUG - setting width_chars=95, height_chars=29
2025-07-09 03:43:56,680 - DEBUG - width_chars changed from 96 to 95
2025-07-09 03:43:56,693 - DEBUG - height_chars changed from 30 to 29
2025-07-09 03:43:56,852 - DEBUG - on_resize called with event: Resize(size=Size(width=93, height=29))
2025-07-09 03:43:56,866 - DEBUG - event size: 93x29
2025-07-09 03:43:56,881 - DEBUG - setting width_chars=93, height_chars=29
2025-07-09 03:43:56,894 - DEBUG - width_chars changed from 95 to 93
2025-07-09 03:43:56,907 - DEBUG - height_chars changed from 29 to 29
2025-07-09 03:43:57,006 - DEBUG - on_resize called with event: Resize(size=Size(width=91, height=28))
2025-07-09 03:43:57,019 - DEBUG - event size: 91x28
2025-07-09 03:43:57,032 - DEBUG - setting width_chars=91, height_chars=28
2025-07-09 03:43:57,048 - DEBUG - width_chars changed from 93 to 91
2025-07-09 03:43:57,061 - DEBUG - height_chars changed from 29 to 28
2025-07-09 03:43:57,157 - DEBUG - on_resize called with event: Resize(size=Size(width=86, height=27))
2025-07-09 03:43:57,171 - DEBUG - event size: 86x27
2025-07-09 03:43:57,183 - DEBUG - setting width_chars=86, height_chars=27
2025-07-09 03:43:57,196 - DEBUG - width_chars changed from 91 to 86
2025-07-09 03:43:57,209 - DEBUG - height_chars changed from 28 to 27
2025-07-09 03:43:57,314 - DEBUG - on_resize called with event: Resize(size=Size(width=83, height=26))
2025-07-09 03:43:57,327 - DEBUG - event size: 83x26
2025-07-09 03:43:57,340 - DEBUG - setting width_chars=83, height_chars=26
2025-07-09 03:43:57,353 - DEBUG - width_chars changed from 86 to 83
2025-07-09 03:43:57,366 - DEBUG - height_chars changed from 27 to 26
2025-07-09 03:43:57,458 - DEBUG - on_resize called with event: Resize(size=Size(width=81, height=26))
2025-07-09 03:43:57,475 - DEBUG - event size: 81x26
2025-07-09 03:43:57,488 - DEBUG - setting width_chars=81, height_chars=26
2025-07-09 03:43:57,501 - DEBUG - width_chars changed from 83 to 81
2025-07-09 03:43:57,514 - DEBUG - height_chars changed from 26 to 26
2025-07-09 03:43:57,603 - DEBUG - on_resize called with event: Resize(size=Size(width=80, height=25))
2025-07-09 03:43:57,616 - DEBUG - event size: 80x25
2025-07-09 03:43:57,629 - DEBUG - setting width_chars=80, height_chars=25
2025-07-09 03:43:57,644 - DEBUG - width_chars changed from 81 to 80
2025-07-09 03:43:57,659 - DEBUG - height_chars changed from 26 to 25
2025-07-09 03:43:57,813 - DEBUG - on_resize called with event: Resize(size=Size(width=79, height=25))
2025-07-09 03:43:57,828 - DEBUG - event size: 79x25
2025-07-09 03:43:57,841 - DEBUG - setting width_chars=79, height_chars=25
2025-07-09 03:43:57,854 - DEBUG - width_chars changed from 80 to 79
2025-07-09 03:43:57,869 - DEBUG - height_chars changed from 25 to 25
2025-07-09 03:43:58,137 - DEBUG - on_resize called with event: Resize(size=Size(width=79, height=26))
2025-07-09 03:43:58,152 - DEBUG - event size: 79x26
2025-07-09 03:43:58,166 - DEBUG - setting width_chars=79, height_chars=26
2025-07-09 03:43:58,180 - DEBUG - width_chars changed from 79 to 79
2025-07-09 03:43:58,194 - DEBUG - height_chars changed from 25 to 26
2025-07-09 03:43:58,599 - DEBUG - on_resize called with event: Resize(size=Size(width=78, height=26))
2025-07-09 03:43:58,618 - DEBUG - event size: 78x26
2025-07-09 03:43:58,631 - DEBUG - setting width_chars=78, height_chars=26
2025-07-09 03:43:58,644 - DEBUG - width_chars changed from 79 to 78
2025-07-09 03:43:58,660 - DEBUG - height_chars changed from 26 to 26
2025-07-09 03:43:58,775 - DEBUG - on_resize called with event: Resize(size=Size(width=78, height=27))
2025-07-09 03:43:58,791 - DEBUG - event size: 78x27
2025-07-09 03:43:58,804 - DEBUG - setting width_chars=78, height_chars=27
2025-07-09 03:43:58,818 - DEBUG - width_chars changed from 78 to 78
2025-07-09 03:43:58,831 - DEBUG - height_chars changed from 26 to 27
2025-07-09 03:43:58,954 - DEBUG - on_resize called with event: Resize(size=Size(width=78, height=28))
2025-07-09 03:43:58,973 - DEBUG - event size: 78x28
2025-07-09 03:43:58,987 - DEBUG - setting width_chars=78, height_chars=28
2025-07-09 03:43:59,000 - DEBUG - width_chars changed from 78 to 78
2025-07-09 03:43:59,014 - DEBUG - height_chars changed from 27 to 28
2025-07-09 03:43:59,108 - DEBUG - on_resize called with event: Resize(size=Size(width=79, height=28))
2025-07-09 03:43:59,123 - DEBUG - event size: 79x28
2025-07-09 03:43:59,137 - DEBUG - setting width_chars=79, height_chars=28
2025-07-09 03:43:59,153 - DEBUG - width_chars changed from 78 to 79
2025-07-09 03:43:59,167 - DEBUG - height_chars changed from 28 to 28
2025-07-09 03:43:59,329 - DEBUG - on_resize called with event: Resize(size=Size(width=81, height=28))
2025-07-09 03:43:59,343 - DEBUG - event size: 81x28
2025-07-09 03:43:59,356 - DEBUG - setting width_chars=81, height_chars=28
2025-07-09 03:43:59,369 - DEBUG - width_chars changed from 79 to 81
2025-07-09 03:43:59,382 - DEBUG - height_chars changed from 28 to 28
2025-07-09 03:43:59,479 - DEBUG - on_resize called with event: Resize(size=Size(width=83, height=28))
2025-07-09 03:43:59,493 - DEBUG - event size: 83x28
2025-07-09 03:43:59,507 - DEBUG - setting width_chars=83, height_chars=28
2025-07-09 03:43:59,521 - DEBUG - width_chars changed from 81 to 83
2025-07-09 03:43:59,534 - DEBUG - height_chars changed from 28 to 28
2025-07-09 03:43:59,628 - DEBUG - on_resize called with event: Resize(size=Size(width=84, height=28))
2025-07-09 03:43:59,646 - DEBUG - event size: 84x28
2025-07-09 03:43:59,659 - DEBUG - setting width_chars=84, height_chars=28
2025-07-09 03:43:59,673 - DEBUG - width_chars changed from 83 to 84
2025-07-09 03:43:59,687 - DEBUG - height_chars changed from 28 to 28
2025-07-09 03:43:59,784 - DEBUG - on_resize called with event: Resize(size=Size(width=85, height=28))
2025-07-09 03:43:59,798 - DEBUG - event size: 85x28
2025-07-09 03:43:59,816 - DEBUG - setting width_chars=85, height_chars=28
2025-07-09 03:43:59,836 - DEBUG - width_chars changed from 84 to 85
2025-07-09 03:43:59,852 - DEBUG - height_chars changed from 28 to 28
2025-07-09 03:43:59,953 - DEBUG - on_resize called with event: Resize(size=Size(width=87, height=28))
2025-07-09 03:43:59,967 - DEBUG - event size: 87x28
2025-07-09 03:43:59,980 - DEBUG - setting width_chars=87, height_chars=28
2025-07-09 03:43:59,994 - DEBUG - width_chars changed from 85 to 87
2025-07-09 03:44:00,010 - DEBUG - height_chars changed from 28 to 28
2025-07-09 03:44:00,107 - DEBUG - on_resize called with event: Resize(size=Size(width=85, height=25))
2025-07-09 03:44:00,121 - DEBUG - event size: 85x25
2025-07-09 03:44:00,135 - DEBUG - setting width_chars=85, height_chars=25
2025-07-09 03:44:00,149 - DEBUG - width_chars changed from 87 to 85
2025-07-09 03:44:00,162 - DEBUG - height_chars changed from 28 to 25
2025-07-09 03:44:00,258 - DEBUG - on_resize called with event: Resize(size=Size(width=78, height=24))
2025-07-09 03:44:00,272 - DEBUG - event size: 78x24
2025-07-09 03:44:00,288 - DEBUG - setting width_chars=78, height_chars=24
2025-07-09 03:44:00,370 - DEBUG - width_chars changed from 85 to 78
2025-07-09 03:44:00,384 - DEBUG - height_chars changed from 25 to 24
2025-07-09 03:44:00,480 - DEBUG - on_resize called with event: Resize(size=Size(width=74, height=22))
2025-07-09 03:44:00,494 - DEBUG - event size: 74x22
2025-07-09 03:44:00,509 - DEBUG - setting width_chars=74, height_chars=22
2025-07-09 03:44:00,522 - DEBUG - width_chars changed from 78 to 74
2025-07-09 03:44:00,537 - DEBUG - height_chars changed from 24 to 22
2025-07-09 03:44:00,626 - DEBUG - on_resize called with event: Resize(size=Size(width=71, height=22))
2025-07-09 03:44:00,644 - DEBUG - event size: 71x22
2025-07-09 03:44:00,657 - DEBUG - setting width_chars=71, height_chars=22
2025-07-09 03:44:00,670 - DEBUG - width_chars changed from 74 to 71
2025-07-09 03:44:00,685 - DEBUG - height_chars changed from 22 to 22
2025-07-09 03:44:00,778 - DEBUG - on_resize called with event: Resize(size=Size(width=69, height=21))
2025-07-09 03:44:00,792 - DEBUG - event size: 69x21
2025-07-09 03:44:00,805 - DEBUG - setting width_chars=69, height_chars=21
2025-07-09 03:44:00,818 - DEBUG - width_chars changed from 71 to 69
2025-07-09 03:44:00,835 - DEBUG - height_chars changed from 22 to 21
2025-07-09 03:44:00,926 - DEBUG - on_resize called with event: Resize(size=Size(width=65, height=20))
2025-07-09 03:44:00,945 - DEBUG - event size: 65x20
2025-07-09 03:44:00,958 - DEBUG - setting width_chars=65, height_chars=20
2025-07-09 03:44:00,972 - DEBUG - width_chars changed from 69 to 65
2025-07-09 03:44:00,986 - DEBUG - height_chars changed from 21 to 20
2025-07-09 03:44:01,075 - DEBUG - on_resize called with event: Resize(size=Size(width=63, height=20))
2025-07-09 03:44:01,089 - DEBUG - event size: 63x20
2025-07-09 03:44:01,102 - DEBUG - setting width_chars=63, height_chars=20
2025-07-09 03:44:01,119 - DEBUG - width_chars changed from 65 to 63
2025-07-09 03:44:01,133 - DEBUG - height_chars changed from 20 to 20
2025-07-09 03:44:01,221 - DEBUG - on_resize called with event: Resize(size=Size(width=61, height=20))
2025-07-09 03:44:01,235 - DEBUG - event size: 61x20
2025-07-09 03:44:01,249 - DEBUG - setting width_chars=61, height_chars=20
2025-07-09 03:44:01,262 - DEBUG - width_chars changed from 63 to 61
2025-07-09 03:44:01,277 - DEBUG - height_chars changed from 20 to 20
2025-07-09 03:44:01,364 - DEBUG - on_resize called with event: Resize(size=Size(width=57, height=20))
2025-07-09 03:44:01,379 - DEBUG - event size: 57x20
2025-07-09 03:44:01,392 - DEBUG - setting width_chars=57, height_chars=20
2025-07-09 03:44:01,409 - DEBUG - width_chars changed from 61 to 57
2025-07-09 03:44:01,485 - DEBUG - height_chars changed from 20 to 20
2025-07-09 03:44:01,569 - DEBUG - on_resize called with event: Resize(size=Size(width=54, height=19))
2025-07-09 03:44:01,585 - DEBUG - event size: 54x19
2025-07-09 03:44:01,598 - DEBUG - setting width_chars=54, height_chars=19
2025-07-09 03:44:01,611 - DEBUG - width_chars changed from 57 to 54
2025-07-09 03:44:01,626 - DEBUG - height_chars changed from 20 to 19
2025-07-09 03:44:01,707 - DEBUG - on_resize called with event: Resize(size=Size(width=52, height=19))
2025-07-09 03:44:01,720 - DEBUG - event size: 52x19
2025-07-09 03:44:01,733 - DEBUG - setting width_chars=52, height_chars=19
2025-07-09 03:44:01,746 - DEBUG - width_chars changed from 54 to 52
2025-07-09 03:44:01,762 - DEBUG - height_chars changed from 19 to 19
2025-07-09 03:44:01,845 - DEBUG - on_resize called with event: Resize(size=Size(width=50, height=19))
2025-07-09 03:44:01,863 - DEBUG - event size: 50x19
2025-07-09 03:44:01,877 - DEBUG - setting width_chars=50, height_chars=19
2025-07-09 03:44:01,891 - DEBUG - width_chars changed from 52 to 50
2025-07-09 03:44:01,906 - DEBUG - height_chars changed from 19 to 19
2025-07-09 03:44:01,988 - DEBUG - on_resize called with event: Resize(size=Size(width=48, height=19))
2025-07-09 03:44:02,002 - DEBUG - event size: 48x19
2025-07-09 03:44:02,015 - DEBUG - setting width_chars=48, height_chars=19
2025-07-09 03:44:02,028 - DEBUG - width_chars changed from 50 to 48
2025-07-09 03:44:02,043 - DEBUG - height_chars changed from 19 to 19
2025-07-09 03:44:02,120 - DEBUG - on_resize called with event: Resize(size=Size(width=46, height=19))
2025-07-09 03:44:02,135 - DEBUG - event size: 46x19
2025-07-09 03:44:02,148 - DEBUG - setting width_chars=46, height_chars=19
2025-07-09 03:44:02,161 - DEBUG - width_chars changed from 48 to 46
2025-07-09 03:44:02,175 - DEBUG - height_chars changed from 19 to 19
2025-07-09 03:44:02,255 - DEBUG - on_resize called with event: Resize(size=Size(width=45, height=20))
2025-07-09 03:44:02,268 - DEBUG - event size: 45x20
2025-07-09 03:44:02,281 - DEBUG - setting width_chars=45, height_chars=20
2025-07-09 03:44:02,294 - DEBUG - width_chars changed from 46 to 45
2025-07-09 03:44:02,311 - DEBUG - height_chars changed from 19 to 20
2025-07-09 03:44:02,391 - DEBUG - on_resize called with event: Resize(size=Size(width=48, height=21))
2025-07-09 03:44:02,406 - DEBUG - event size: 48x21
2025-07-09 03:44:02,420 - DEBUG - setting width_chars=48, height_chars=21
2025-07-09 03:44:02,432 - DEBUG - width_chars changed from 45 to 48
2025-07-09 03:44:02,446 - DEBUG - height_chars changed from 20 to 21
2025-07-09 03:44:02,593 - DEBUG - on_resize called with event: Resize(size=Size(width=55, height=23))
2025-07-09 03:44:02,606 - DEBUG - event size: 55x23
2025-07-09 03:44:02,619 - DEBUG - setting width_chars=55, height_chars=23
2025-07-09 03:44:02,632 - DEBUG - width_chars changed from 48 to 55
2025-07-09 03:44:02,646 - DEBUG - height_chars changed from 21 to 23
2025-07-09 03:44:02,733 - DEBUG - on_resize called with event: Resize(size=Size(width=59, height=25))
2025-07-09 03:44:02,747 - DEBUG - event size: 59x25
2025-07-09 03:44:02,760 - DEBUG - setting width_chars=59, height_chars=25
2025-07-09 03:44:02,772 - DEBUG - width_chars changed from 55 to 59
2025-07-09 03:44:02,786 - DEBUG - height_chars changed from 23 to 25
2025-07-09 03:44:02,872 - DEBUG - on_resize called with event: Resize(size=Size(width=64, height=26))
2025-07-09 03:44:02,885 - DEBUG - event size: 64x26
2025-07-09 03:44:02,898 - DEBUG - setting width_chars=64, height_chars=26
2025-07-09 03:44:02,913 - DEBUG - width_chars changed from 59 to 64
2025-07-09 03:44:02,926 - DEBUG - height_chars changed from 25 to 26
2025-07-09 03:44:03,016 - DEBUG - on_resize called with event: Resize(size=Size(width=68, height=27))
2025-07-09 03:44:03,030 - DEBUG - event size: 68x27
2025-07-09 03:44:03,043 - DEBUG - setting width_chars=68, height_chars=27
2025-07-09 03:44:03,056 - DEBUG - width_chars changed from 64 to 68
2025-07-09 03:44:03,069 - DEBUG - height_chars changed from 26 to 27
2025-07-09 03:44:03,162 - DEBUG - on_resize called with event: Resize(size=Size(width=72, height=28))
2025-07-09 03:44:03,175 - DEBUG - event size: 72x28
2025-07-09 03:44:03,191 - DEBUG - setting width_chars=72, height_chars=28
2025-07-09 03:44:03,205 - DEBUG - width_chars changed from 68 to 72
2025-07-09 03:44:03,218 - DEBUG - height_chars changed from 27 to 28
2025-07-09 03:44:03,305 - DEBUG - on_resize called with event: Resize(size=Size(width=77, height=29))
2025-07-09 03:44:03,318 - DEBUG - event size: 77x29
2025-07-09 03:44:03,331 - DEBUG - setting width_chars=77, height_chars=29
2025-07-09 03:44:03,344 - DEBUG - width_chars changed from 72 to 77
2025-07-09 03:44:03,359 - DEBUG - height_chars changed from 28 to 29
2025-07-09 03:44:03,442 - DEBUG - on_resize called with event: Resize(size=Size(width=79, height=29))
2025-07-09 03:44:03,456 - DEBUG - event size: 79x29
2025-07-09 03:44:03,468 - DEBUG - setting width_chars=79, height_chars=29
2025-07-09 03:44:03,481 - DEBUG - width_chars changed from 77 to 79
2025-07-09 03:44:03,494 - DEBUG - height_chars changed from 29 to 29
2025-07-09 03:44:03,636 - DEBUG - on_resize called with event: Resize(size=Size(width=80, height=29))
2025-07-09 03:44:03,649 - DEBUG - event size: 80x29
2025-07-09 03:44:03,664 - DEBUG - setting width_chars=80, height_chars=29
2025-07-09 03:44:03,677 - DEBUG - width_chars changed from 79 to 80
2025-07-09 03:44:03,690 - DEBUG - height_chars changed from 29 to 29
2025-07-09 03:44:04,126 - DEBUG - on_resize called with event: Resize(size=Size(width=79, height=28))
2025-07-09 03:44:04,142 - DEBUG - event size: 79x28
2025-07-09 03:44:04,157 - DEBUG - setting width_chars=79, height_chars=28
2025-07-09 03:44:04,174 - DEBUG - width_chars changed from 80 to 79
2025-07-09 03:44:04,189 - DEBUG - height_chars changed from 29 to 28
2025-07-09 03:44:04,294 - DEBUG - on_resize called with event: Resize(size=Size(width=72, height=25))
2025-07-09 03:44:04,307 - DEBUG - event size: 72x25
2025-07-09 03:44:04,320 - DEBUG - setting width_chars=72, height_chars=25
2025-07-09 03:44:04,333 - DEBUG - width_chars changed from 79 to 72
2025-07-09 03:44:04,348 - DEBUG - height_chars changed from 28 to 25
2025-07-09 03:44:04,448 - DEBUG - on_resize called with event: Resize(size=Size(width=63, height=22))
2025-07-09 03:44:04,463 - DEBUG - event size: 63x22
2025-07-09 03:44:04,476 - DEBUG - setting width_chars=63, height_chars=22
2025-07-09 03:44:04,489 - DEBUG - width_chars changed from 72 to 63
2025-07-09 03:44:04,504 - DEBUG - height_chars changed from 25 to 22
2025-07-09 03:44:04,578 - DEBUG - on_resize called with event: Resize(size=Size(width=62, height=22))
2025-07-09 03:44:04,592 - DEBUG - event size: 62x22
2025-07-09 03:44:04,604 - DEBUG - setting width_chars=62, height_chars=22
2025-07-09 03:44:04,620 - DEBUG - width_chars changed from 63 to 62
2025-07-09 03:44:04,634 - DEBUG - height_chars changed from 22 to 22
2025-07-09 03:44:04,718 - DEBUG - on_resize called with event: Resize(size=Size(width=57, height=20))
2025-07-09 03:44:04,731 - DEBUG - event size: 57x20
2025-07-09 03:44:04,744 - DEBUG - setting width_chars=57, height_chars=20
2025-07-09 03:44:04,757 - DEBUG - width_chars changed from 62 to 57
2025-07-09 03:44:04,770 - DEBUG - height_chars changed from 22 to 20
2025-07-09 03:44:04,852 - DEBUG - on_resize called with event: Resize(size=Size(width=50, height=18))
2025-07-09 03:44:04,866 - DEBUG - event size: 50x18
2025-07-09 03:44:04,879 - DEBUG - setting width_chars=50, height_chars=18
2025-07-09 03:44:04,952 - DEBUG - width_chars changed from 57 to 50
2025-07-09 03:44:04,965 - DEBUG - height_chars changed from 20 to 18
2025-07-09 03:44:05,044 - DEBUG - on_resize called with event: Resize(size=Size(width=43, height=17))
2025-07-09 03:44:05,060 - DEBUG - event size: 43x17
2025-07-09 03:44:05,073 - DEBUG - setting width_chars=43, height_chars=17
2025-07-09 03:44:05,086 - DEBUG - width_chars changed from 50 to 43
2025-07-09 03:44:05,100 - DEBUG - height_chars changed from 18 to 17
2025-07-09 03:44:05,174 - DEBUG - on_resize called with event: Resize(size=Size(width=40, height=16))
2025-07-09 03:44:05,188 - DEBUG - event size: 40x16
2025-07-09 03:44:05,201 - DEBUG - setting width_chars=40, height_chars=16
2025-07-09 03:44:05,214 - DEBUG - width_chars changed from 43 to 40
2025-07-09 03:44:05,228 - DEBUG - height_chars changed from 17 to 16
2025-07-09 03:44:05,326 - DEBUG - on_resize called with event: Resize(size=Size(width=38, height=15))
2025-07-09 03:44:05,339 - DEBUG - event size: 38x15
2025-07-09 03:44:05,354 - DEBUG - setting width_chars=38, height_chars=15
2025-07-09 03:44:05,367 - DEBUG - width_chars changed from 40 to 38
2025-07-09 03:44:05,380 - DEBUG - height_chars changed from 16 to 15
2025-07-09 03:44:05,484 - DEBUG - on_resize called with event: Resize(size=Size(width=36, height=14))
2025-07-09 03:44:05,498 - DEBUG - event size: 36x14
2025-07-09 03:44:05,512 - DEBUG - setting width_chars=36, height_chars=14
2025-07-09 03:44:05,525 - DEBUG - width_chars changed from 38 to 36
2025-07-09 03:44:05,538 - DEBUG - height_chars changed from 15 to 14
2025-07-09 03:44:05,614 - DEBUG - on_resize called with event: Resize(size=Size(width=34, height=13))
2025-07-09 03:44:05,628 - DEBUG - event size: 34x13
2025-07-09 03:44:05,641 - DEBUG - setting width_chars=34, height_chars=13
2025-07-09 03:44:05,653 - DEBUG - width_chars changed from 36 to 34
2025-07-09 03:44:05,667 - DEBUG - height_chars changed from 14 to 13
2025-07-09 03:44:05,747 - DEBUG - on_resize called with event: Resize(size=Size(width=33, height=13))
2025-07-09 03:44:05,761 - DEBUG - event size: 33x13
2025-07-09 03:44:05,774 - DEBUG - setting width_chars=33, height_chars=13
2025-07-09 03:44:05,788 - DEBUG - width_chars changed from 34 to 33
2025-07-09 03:44:05,801 - DEBUG - height_chars changed from 13 to 13
2025-07-09 03:44:05,880 - DEBUG - on_resize called with event: Resize(size=Size(width=34, height=13))
2025-07-09 03:44:05,894 - DEBUG - event size: 34x13
2025-07-09 03:44:05,908 - DEBUG - setting width_chars=34, height_chars=13
2025-07-09 03:44:05,921 - DEBUG - width_chars changed from 33 to 34
2025-07-09 03:44:05,935 - DEBUG - height_chars changed from 13 to 13
2025-07-09 03:44:05,995 - DEBUG - on_resize called with event: Resize(size=Size(width=35, height=14))
2025-07-09 03:44:06,010 - DEBUG - event size: 35x14
2025-07-09 03:44:06,023 - DEBUG - setting width_chars=35, height_chars=14
2025-07-09 03:44:06,036 - DEBUG - width_chars changed from 34 to 35
2025-07-09 03:44:06,050 - DEBUG - height_chars changed from 13 to 14
2025-07-09 03:44:06,177 - DEBUG - on_resize called with event: Resize(size=Size(width=38, height=15))
2025-07-09 03:44:06,190 - DEBUG - event size: 38x15
2025-07-09 03:44:06,203 - DEBUG - setting width_chars=38, height_chars=15
2025-07-09 03:44:06,216 - DEBUG - width_chars changed from 35 to 38
2025-07-09 03:44:06,229 - DEBUG - height_chars changed from 14 to 15
2025-07-09 03:44:06,303 - DEBUG - on_resize called with event: Resize(size=Size(width=46, height=17))
2025-07-09 03:44:06,316 - DEBUG - event size: 46x17
2025-07-09 03:44:06,329 - DEBUG - setting width_chars=46, height_chars=17
2025-07-09 03:44:06,342 - DEBUG - width_chars changed from 38 to 46
2025-07-09 03:44:06,357 - DEBUG - height_chars changed from 15 to 17
2025-07-09 03:44:06,430 - DEBUG - on_resize called with event: Resize(size=Size(width=57, height=21))
2025-07-09 03:44:06,444 - DEBUG - event size: 57x21
2025-07-09 03:44:06,458 - DEBUG - setting width_chars=57, height_chars=21
2025-07-09 03:44:06,471 - DEBUG - width_chars changed from 46 to 57
2025-07-09 03:44:06,484 - DEBUG - height_chars changed from 17 to 21
2025-07-09 03:44:06,564 - DEBUG - on_resize called with event: Resize(size=Size(width=61, height=22))
2025-07-09 03:44:06,577 - DEBUG - event size: 61x22
2025-07-09 03:44:06,590 - DEBUG - setting width_chars=61, height_chars=22
2025-07-09 03:44:06,603 - DEBUG - width_chars changed from 57 to 61
2025-07-09 03:44:06,616 - DEBUG - height_chars changed from 21 to 22
2025-07-09 03:44:06,693 - DEBUG - on_resize called with event: Resize(size=Size(width=62, height=23))
2025-07-09 03:44:06,706 - DEBUG - event size: 62x23
2025-07-09 03:44:06,719 - DEBUG - setting width_chars=62, height_chars=23
2025-07-09 03:44:06,732 - DEBUG - width_chars changed from 61 to 62
2025-07-09 03:44:06,747 - DEBUG - height_chars changed from 22 to 23
2025-07-09 03:44:06,820 - DEBUG - on_resize called with event: Resize(size=Size(width=63, height=23))
2025-07-09 03:44:06,833 - DEBUG - event size: 63x23
2025-07-09 03:44:06,849 - DEBUG - setting width_chars=63, height_chars=23
2025-07-09 03:44:06,862 - DEBUG - width_chars changed from 62 to 63
2025-07-09 03:44:06,875 - DEBUG - height_chars changed from 23 to 23
2025-07-09 03:44:06,948 - DEBUG - on_resize called with event: Resize(size=Size(width=65, height=23))
2025-07-09 03:44:06,961 - DEBUG - event size: 65x23
2025-07-09 03:44:06,974 - DEBUG - setting width_chars=65, height_chars=23
2025-07-09 03:44:06,987 - DEBUG - width_chars changed from 63 to 65
2025-07-09 03:44:07,000 - DEBUG - height_chars changed from 23 to 23
2025-07-09 03:44:07,072 - DEBUG - on_resize called with event: Resize(size=Size(width=66, height=23))
2025-07-09 03:44:07,086 - DEBUG - event size: 66x23
2025-07-09 03:44:07,099 - DEBUG - setting width_chars=66, height_chars=23
2025-07-09 03:44:07,114 - DEBUG - width_chars changed from 65 to 66
2025-07-09 03:44:07,127 - DEBUG - height_chars changed from 23 to 23
2025-07-09 03:44:07,200 - DEBUG - on_resize called with event: Resize(size=Size(width=69, height=24))
2025-07-09 03:44:07,268 - DEBUG - event size: 69x24
2025-07-09 03:44:07,281 - DEBUG - setting width_chars=69, height_chars=24
2025-07-09 03:44:07,294 - DEBUG - width_chars changed from 66 to 69
2025-07-09 03:44:07,307 - DEBUG - height_chars changed from 23 to 24
2025-07-09 03:44:07,381 - DEBUG - on_resize called with event: Resize(size=Size(width=71, height=25))
2025-07-09 03:44:07,394 - DEBUG - event size: 71x25
2025-07-09 03:44:07,407 - DEBUG - setting width_chars=71, height_chars=25
2025-07-09 03:44:07,420 - DEBUG - width_chars changed from 69 to 71
2025-07-09 03:44:07,432 - DEBUG - height_chars changed from 24 to 25
2025-07-09 03:44:07,511 - DEBUG - on_resize called with event: Resize(size=Size(width=73, height=25))
2025-07-09 03:44:07,524 - DEBUG - event size: 73x25
2025-07-09 03:44:07,537 - DEBUG - setting width_chars=73, height_chars=25
2025-07-09 03:44:07,552 - DEBUG - width_chars changed from 71 to 73
2025-07-09 03:44:07,565 - DEBUG - height_chars changed from 25 to 25
2025-07-09 03:44:07,643 - DEBUG - on_resize called with event: Resize(size=Size(width=74, height=25))
2025-07-09 03:44:07,656 - DEBUG - event size: 74x25
2025-07-09 03:44:07,669 - DEBUG - setting width_chars=74, height_chars=25
2025-07-09 03:44:07,682 - DEBUG - width_chars changed from 73 to 74
2025-07-09 03:44:07,695 - DEBUG - height_chars changed from 25 to 25
2025-07-09 03:44:07,768 - DEBUG - on_resize called with event: Resize(size=Size(width=75, height=25))
2025-07-09 03:44:07,781 - DEBUG - event size: 75x25
2025-07-09 03:44:07,794 - DEBUG - setting width_chars=75, height_chars=25
2025-07-09 03:44:07,807 - DEBUG - width_chars changed from 74 to 75
2025-07-09 03:44:07,822 - DEBUG - height_chars changed from 25 to 25
2025-07-09 03:44:07,916 - DEBUG - on_resize called with event: Resize(size=Size(width=75, height=26))
2025-07-09 03:44:07,930 - DEBUG - event size: 75x26
2025-07-09 03:44:07,944 - DEBUG - setting width_chars=75, height_chars=26
2025-07-09 03:44:07,957 - DEBUG - width_chars changed from 75 to 75
2025-07-09 03:44:07,970 - DEBUG - height_chars changed from 25 to 26
2025-07-09 03:44:08,017 - DEBUG - on_resize called with event: Resize(size=Size(width=73, height=26))
2025-07-09 03:44:08,030 - DEBUG - event size: 73x26
2025-07-09 03:44:08,044 - DEBUG - setting width_chars=73, height_chars=26
2025-07-09 03:44:08,060 - DEBUG - width_chars changed from 75 to 73
2025-07-09 03:44:08,074 - DEBUG - height_chars changed from 26 to 26
2025-07-09 03:45:52,408 - DEBUG - on_resize called with event: Resize(size=Size(width=93, height=27))
2025-07-09 03:45:52,427 - DEBUG - event size: 93x27
2025-07-09 03:45:52,439 - DEBUG - setting width_chars=93, height_chars=27
2025-07-09 03:45:52,452 - DEBUG - width_chars changed from 73 to 93
2025-07-09 03:45:52,466 - DEBUG - height_chars changed from 26 to 27
2025-07-09 03:45:52,580 - DEBUG - on_resize called with event: Resize(size=Size(width=96, height=27))
2025-07-09 03:45:52,595 - DEBUG - event size: 96x27
2025-07-09 03:45:52,608 - DEBUG - setting width_chars=96, height_chars=27
2025-07-09 03:45:52,621 - DEBUG - width_chars changed from 93 to 96
2025-07-09 03:45:52,634 - DEBUG - height_chars changed from 27 to 27
2025-07-09 03:45:52,738 - DEBUG - on_resize called with event: Resize(size=Size(width=96, height=28))
2025-07-09 03:45:52,753 - DEBUG - event size: 96x28
2025-07-09 03:45:52,766 - DEBUG - setting width_chars=96, height_chars=28
2025-07-09 03:45:52,779 - DEBUG - width_chars changed from 96 to 96
2025-07-09 03:45:52,793 - DEBUG - height_chars changed from 27 to 28
2025-07-09 03:45:52,905 - DEBUG - on_resize called with event: Resize(size=Size(width=98, height=28))
2025-07-09 03:45:52,920 - DEBUG - event size: 98x28
2025-07-09 03:45:52,933 - DEBUG - setting width_chars=98, height_chars=28
2025-07-09 03:45:52,946 - DEBUG - width_chars changed from 96 to 98
2025-07-09 03:45:52,959 - DEBUG - height_chars changed from 28 to 28
2025-07-09 03:45:53,036 - DEBUG - on_resize called with event: Resize(size=Size(width=99, height=28))
2025-07-09 03:45:53,053 - DEBUG - event size: 99x28
2025-07-09 03:45:53,067 - DEBUG - setting width_chars=99, height_chars=28
2025-07-09 03:45:53,080 - DEBUG - width_chars changed from 98 to 99
2025-07-09 03:45:53,093 - DEBUG - height_chars changed from 28 to 28
2025-07-09 03:45:53,263 - DEBUG - on_resize called with event: Resize(size=Size(width=101, height=29))
2025-07-09 03:45:53,276 - DEBUG - event size: 101x29
2025-07-09 03:45:53,291 - DEBUG - setting width_chars=101, height_chars=29
2025-07-09 03:45:53,304 - DEBUG - width_chars changed from 99 to 101
2025-07-09 03:45:53,317 - DEBUG - height_chars changed from 28 to 29
2025-07-09 03:45:53,405 - DEBUG - on_resize called with event: Resize(size=Size(width=107, height=29))
2025-07-09 03:45:53,419 - DEBUG - event size: 107x29
2025-07-09 03:45:53,431 - DEBUG - setting width_chars=107, height_chars=29
2025-07-09 03:45:53,446 - DEBUG - width_chars changed from 101 to 107
2025-07-09 03:45:53,459 - DEBUG - height_chars changed from 29 to 29
2025-07-09 03:45:53,559 - DEBUG - on_resize called with event: Resize(size=Size(width=110, height=29))
2025-07-09 03:45:53,572 - DEBUG - event size: 110x29
2025-07-09 03:45:53,585 - DEBUG - setting width_chars=110, height_chars=29
2025-07-09 03:45:53,599 - DEBUG - width_chars changed from 107 to 110
2025-07-09 03:45:53,614 - DEBUG - height_chars changed from 29 to 29
2025-07-09 03:45:53,703 - DEBUG - on_resize called with event: Resize(size=Size(width=113, height=29))
2025-07-09 03:45:53,717 - DEBUG - event size: 113x29
2025-07-09 03:45:53,730 - DEBUG - setting width_chars=113, height_chars=29
2025-07-09 03:45:53,743 - DEBUG - width_chars changed from 110 to 113
2025-07-09 03:45:53,756 - DEBUG - height_chars changed from 29 to 29
2025-07-09 03:45:53,849 - DEBUG - on_resize called with event: Resize(size=Size(width=115, height=28))
2025-07-09 03:45:53,862 - DEBUG - event size: 115x28
2025-07-09 03:45:53,875 - DEBUG - setting width_chars=115, height_chars=28
2025-07-09 03:45:53,888 - DEBUG - width_chars changed from 113 to 115
2025-07-09 03:45:53,901 - DEBUG - height_chars changed from 29 to 28
2025-07-09 03:45:53,992 - DEBUG - on_resize called with event: Resize(size=Size(width=117, height=28))
2025-07-09 03:45:54,008 - DEBUG - event size: 117x28
2025-07-09 03:45:54,021 - DEBUG - setting width_chars=117, height_chars=28
2025-07-09 03:45:54,035 - DEBUG - width_chars changed from 115 to 117
2025-07-09 03:45:54,048 - DEBUG - height_chars changed from 28 to 28
2025-07-09 03:46:06,044 - DEBUG - Posting ProcessExited message with exit_code=0
